<?xml version="1.0" encoding="UTF-8"?>
<testsuite xmlns:xsi="http://www.w3.org/2001/XMLSchema-instance" xsi:noNamespaceSchemaLocation="https://maven.apache.org/surefire/maven-surefire-plugin/xsd/surefire-test-report-3.0.xsd" version="3.0" name="com.example.service.UserServiceTest" time="0.072" tests="4" errors="0" skipped="0" failures="0">
  <properties>
[...]
</properties>
  <testcase name="testRegister_nullEmail_throwsException" classname="com.example.service.UserServiceTest" time="0.043"/>
  <testcase name="testRegister_success" classname="com.example.service.UserServiceTest" time="0.003">
    <system-out><![CDATA[21:22:15.575 [main] INFO com.example.service.UserService - 注册新用户：username=charlie
]]></system-out>
  </testcase>
  <testcase name="testFindById" classname="com.example.service.UserServiceTest" time="0">
    <system-out><![CDATA[21:22:15.576 [main] INFO com.example.service.UserService - 查询用户，id=1
]]></system-out>
  </testcase>
  <testcase name="testRegister_emptyUsername_throwsException" classname="com.example.service.UserServiceTest" time="0"/>
</testsuite>