<?xml version="1.0" encoding="UTF-8"?>
<testsuite xmlns:xsi="http://www.w3.org/2001/XMLSchema-instance" xsi:noNamespaceSchemaLocation="https://maven.apache.org/surefire/maven-surefire-plugin/xsd/surefire-test-report-3.0.xsd" version="3.0" name="com.example.common.util.StringUtilsTest" time="0.069" tests="2" errors="0" skipped="0" failures="0">
  <properties>
[...]
</properties>
  <testcase name="testCamelToUnderscore" classname="com.example.common.util.StringUtilsTest" time="0.041">
    <system-out><![CDATA[21:24:09.026 [main] DEBUG com.example.common.util.StringUtils - camelToUnderscore: userName -> user_name
21:24:09.027 [main] DEBUG com.example.common.util.StringUtils - camelToUnderscore: myClassName -> my_class_name
]]></system-out>
  </testcase>
  <testcase name="testIsEmpty" classname="com.example.common.util.StringUtilsTest" time="0"/>
</testsuite>